  main.cpp
e:\tictactoe\tictactoe\main.cpp(107): warning C4018: '<': signed/unsigned mismatch
e:\tictactoe\tictactoe\main.cpp(109): warning C4018: '<': signed/unsigned mismatch
e:\tictactoe\tictactoe\main.cpp(139): warning C4018: '>=': signed/unsigned mismatch
e:\tictactoe\tictactoe\main.cpp(181): warning C4018: '<': signed/unsigned mismatch
e:\tictactoe\tictactoe\main.cpp(183): warning C4018: '<': signed/unsigned mismatch
e:\tictactoe\tictactoe\main.cpp(222): warning C4018: '<': signed/unsigned mismatch
e:\tictactoe\tictactoe\main.cpp(224): warning C4018: '<': signed/unsigned mismatch
e:\tictactoe\tictactoe\main.cpp(258): warning C4018: '<': signed/unsigned mismatch
e:\tictactoe\tictactoe\main.cpp(260): warning C4018: '<': signed/unsigned mismatch
e:\tictactoe\tictactoe\main.cpp(285): warning C4018: '<': signed/unsigned mismatch
e:\tictactoe\tictactoe\main.cpp(289): warning C4018: '<': signed/unsigned mismatch
e:\tictactoe\tictactoe\main.cpp(300): warning C4018: '<': signed/unsigned mismatch
e:\tictactoe\tictactoe\main.cpp(307): warning C4018: '<': signed/unsigned mismatch
  Generating code
  5 of 145 functions ( 3.4%) were compiled, the rest were copied from previous compilation.
    2 functions were new in current compilation
    5 functions had inline decision re-evaluated but remain unchanged
  Finished generating code
  TicTacToe.vcxproj -> E:\TicTacToe\Release\TicTacToe.exe
